<?xml version="1.0" encoding="UTF-8"?>
<!-- Generated by org.testng.reporters.JUnitReportReporter -->
<testsuite hostname="Sandy" failures="0" tests="4" name="tests.DataProveiderDemo" time="0.011" errors="0" timestamp="2024-02-29T09:39:32 IST" skipped="0">
  <testcase classname="tests.DataProveiderDemo" name="sampleTest" time="0.002"/>
  <testcase classname="tests.DataProveiderDemo" name="sampleTest" time="0.008"/>
  <testcase classname="tests.DataProveiderDemo" name="sampleTest" time="0.001"/>
  <testcase classname="tests.DataProveiderDemo" name="sampleTest" time="0.000"/>
</testsuite> <!-- tests.DataProveiderDemo -->
